<?xml version="1.0" encoding="UTF-8"?>
<testng-results skipped="0" failed="0" total="1" passed="1">
  <reporter-output>
  </reporter-output>
  <suite name="Suite" duration-ms="45315" started-at="2017-11-19T15:42:55Z" finished-at="2017-11-19T15:43:40Z">
    <groups>
    </groups>
    <test name="TestChrome" duration-ms="45315" started-at="2017-11-19T15:42:55Z" finished-at="2017-11-19T15:43:40Z">
      <class name="com.joomla.login.LoginSuccessfully">
        <test-method status="PASS" signature="beforeClass(java.lang.String, java.lang.String)[pri:0, instance:com.joomla.login.LoginSuccessfully@5f150435]" name="beforeClass" is-config="true" duration-ms="18802" started-at="2017-11-19T22:42:55Z" finished-at="2017-11-19T22:43:14Z">
          <params>
            <param index="0">
              <value>
                <![CDATA[firefox]]>
              </value>
            </param>
            <param index="1">
              <value>
                <![CDATA[https://automationfc.joomla.com/administrator/]]>
              </value>
            </param>
          </params>
          <reporter-output>
          </reporter-output>
        </test-method> <!-- beforeClass -->
        <test-method status="PASS" signature="TC_01_CreateArticlesSuccessfully()[pri:0, instance:com.joomla.login.LoginSuccessfully@5f150435]" name="TC_01_CreateArticlesSuccessfully" duration-ms="25393" started-at="2017-11-19T22:43:14Z" finished-at="2017-11-19T22:43:39Z">
          <reporter-output>
          </reporter-output>
        </test-method> <!-- TC_01_CreateArticlesSuccessfully -->
        <test-method status="PASS" signature="afterClass()[pri:0, instance:com.joomla.login.LoginSuccessfully@5f150435]" name="afterClass" is-config="true" duration-ms="1108" started-at="2017-11-19T22:43:39Z" finished-at="2017-11-19T22:43:40Z">
          <reporter-output>
          </reporter-output>
        </test-method> <!-- afterClass -->
      </class> <!-- com.joomla.login.LoginSuccessfully -->
    </test> <!-- TestChrome -->
  </suite> <!-- Suite -->
</testng-results>
