<?xml version="1.0" encoding="UTF-8"?>
<testng-results skipped="0" failed="0" total="1" passed="1">
  <reporter-output>
  </reporter-output>
  <suite name="Suite" duration-ms="43789" started-at="2017-11-25T07:45:20Z" finished-at="2017-11-25T07:46:04Z">
    <groups>
    </groups>
    <test name="TestChrome" duration-ms="43789" started-at="2017-11-25T07:45:20Z" finished-at="2017-11-25T07:46:04Z">
      <class name="com.joomla.login.LoginSuccessfully">
        <test-method status="PASS" signature="beforeClass(java.lang.String, java.lang.String)[pri:0, instance:com.joomla.login.LoginSuccessfully@5f150435]" name="beforeClass" is-config="true" duration-ms="18175" started-at="2017-11-25T14:45:20Z" finished-at="2017-11-25T14:45:39Z">
          <params>
            <param index="0">
              <value>
                <![CDATA[firefox]]>
              </value>
            </param>
            <param index="1">
              <value>
                <![CDATA[https://automationfc.joomla.com/administrator/]]>
              </value>
            </param>
          </params>
          <reporter-output>
          </reporter-output>
        </test-method> <!-- beforeClass -->
        <test-method status="PASS" signature="TC_03_PublicArticlesSuccessfully()[pri:0, instance:com.joomla.login.LoginSuccessfully@5f150435]" name="TC_03_PublicArticlesSuccessfully" duration-ms="24868" started-at="2017-11-25T14:45:39Z" finished-at="2017-11-25T14:46:04Z">
          <reporter-output>
          </reporter-output>
        </test-method> <!-- TC_03_PublicArticlesSuccessfully -->
        <test-method status="PASS" signature="afterClass()[pri:0, instance:com.joomla.login.LoginSuccessfully@5f150435]" name="afterClass" is-config="true" duration-ms="731" started-at="2017-11-25T14:46:04Z" finished-at="2017-11-25T14:46:04Z">
          <reporter-output>
          </reporter-output>
        </test-method> <!-- afterClass -->
      </class> <!-- com.joomla.login.LoginSuccessfully -->
    </test> <!-- TestChrome -->
  </suite> <!-- Suite -->
</testng-results>
